Using pre-set license
Built from '2020.3/staging' branch; Version is '2020.3.21f1 (a38c86f6690f) revision 10718342'; Using compiler version '192528614'; Build Type 'Release'
OS: 'Windows 10 Pro; OS build 19042.1288; Version 2009; 64bit' Language: 'en' Physical Memory: 32689 MB
BatchMode: 1, IsHumanControllingUs: 0, StartBugReporterOnCrash: 0, Is64bit: 1, IsPro: 0

COMMAND LINE ARGUMENTS:
C:\Program Files\Unity Editors\2020.3.21f1\Editor\Unity.exe
-adb2
-batchMode
-noUpm
-name
AssetImportWorker0
-projectPath
C:/Users/Kek/OneDrive/Belgeler/GitHub/MLAPI-STEAMP2P-GAME
-logFile
Logs/AssetImportWorker0.log
-srvPort
57043
Successfully changed project path to: C:/Users/Kek/OneDrive/Belgeler/GitHub/MLAPI-STEAMP2P-GAME
C:/Users/Kek/OneDrive/Belgeler/GitHub/MLAPI-STEAMP2P-GAME
Using Asset Import Pipeline V2.
Refreshing native plugins compatible for Editor in 28.11 ms, found 4 plugins.
Preloading 0 native plugins for Editor in 0.00 ms.
Initialize engine version: 2020.3.21f1 (a38c86f6690f)
[Subsystems] Discovering subsystems at path C:/Program Files/Unity Editors/2020.3.21f1/Editor/Data/Resources/UnitySubsystems
[Subsystems] Discovering subsystems at path C:/Users/Kek/OneDrive/Belgeler/GitHub/MLAPI-STEAMP2P-GAME/Assets
GfxDevice: creating device client; threaded=0
Direct3D:
    Version:  Direct3D 11.0 [level 11.1]
    Renderer: Radeon RX 580 Series (ID=0x67df)
    Vendor:   
    VRAM:     4075 MB
    Driver:   27.20.22017.1004
Initialize mono
Mono path[0] = 'C:/Program Files/Unity Editors/2020.3.21f1/Editor/Data/Managed'
Mono path[1] = 'C:/Program Files/Unity Editors/2020.3.21f1/Editor/Data/MonoBleedingEdge/lib/mono/unityjit'
Mono config path = 'C:/Program Files/Unity Editors/2020.3.21f1/Editor/Data/MonoBleedingEdge/etc'
Using monoOptions --debugger-agent=transport=dt_socket,embedding=1,server=y,suspend=n,address=127.0.0.1:56232
Begin MonoManager ReloadAssembly
Registering precompiled unity dll's ...
Register platform support module: C:/Program Files/Unity Editors/2020.3.21f1/Editor/Data/PlaybackEngines/WindowsStandaloneSupport/UnityEditor.WindowsStandalone.Extensions.dll
Registered in 0.001459 seconds.
Native extension for WindowsStandalone target not found
Refreshing native plugins compatible for Editor in 26.16 ms, found 4 plugins.
Preloading 0 native plugins for Editor in 0.00 ms.
Mono: successfully reloaded assembly
- Completed reload, in  0.795 seconds
Domain Reload Profiling:
	ReloadAssembly (795ms)
		BeginReloadAssembly (41ms)
			ExecutionOrderSort (0ms)
			DisableScriptedObjects (0ms)
			BackupInstance (0ms)
			ReleaseScriptingObjects (0ms)
			CreateAndSetChildDomain (1ms)
		EndReloadAssembly (337ms)
			LoadAssemblies (39ms)
			RebuildTransferFunctionScriptingTraits (0ms)
			SetupTypeCache (114ms)
			ReleaseScriptCaches (0ms)
			RebuildScriptCaches (25ms)
			SetupLoadedEditorAssemblies (122ms)
				LogAssemblyErrors (0ms)
				InitializePlatformSupportModulesInManaged (3ms)
				SetLoadedEditorAssemblies (0ms)
				RefreshPlugins (26ms)
				BeforeProcessingInitializeOnLoad (11ms)
				ProcessInitializeOnLoadAttributes (61ms)
				ProcessInitializeOnLoadMethodAttributes (21ms)
				AfterProcessingInitializeOnLoad (0ms)
				EditorAssembliesLoaded (0ms)
			ExecutionOrderSort2 (0ms)
			AwakeInstancesAfterBackupRestoration (0ms)
Platform modules already initialized, skipping
Registering precompiled user dll's ...
Registered in 0.005975 seconds.
Begin MonoManager ReloadAssembly
Native extension for WindowsStandalone target not found
Refreshing native plugins compatible for Editor in 0.37 ms, found 4 plugins.
Preloading 0 native plugins for Editor in 0.00 ms.
Mono: successfully reloaded assembly
- Completed reload, in  0.782 seconds
Domain Reload Profiling:
	ReloadAssembly (783ms)
		BeginReloadAssembly (108ms)
			ExecutionOrderSort (0ms)
			DisableScriptedObjects (4ms)
			BackupInstance (0ms)
			ReleaseScriptingObjects (0ms)
			CreateAndSetChildDomain (15ms)
		EndReloadAssembly (628ms)
			LoadAssemblies (66ms)
			RebuildTransferFunctionScriptingTraits (0ms)
			SetupTypeCache (222ms)
			ReleaseScriptCaches (0ms)
			RebuildScriptCaches (31ms)
			SetupLoadedEditorAssemblies (236ms)
				LogAssemblyErrors (0ms)
				InitializePlatformSupportModulesInManaged (4ms)
				SetLoadedEditorAssemblies (0ms)
				RefreshPlugins (0ms)
				BeforeProcessingInitializeOnLoad (63ms)
				ProcessInitializeOnLoadAttributes (156ms)
				ProcessInitializeOnLoadMethodAttributes (7ms)
				AfterProcessingInitializeOnLoad (5ms)
				EditorAssembliesLoaded (0ms)
			ExecutionOrderSort2 (0ms)
			AwakeInstancesAfterBackupRestoration (5ms)
Platform modules already initialized, skipping
========================================================================
Worker process is ready to serve import requests
Launched and connected shader compiler UnityShaderCompiler.exe after 0.05 seconds
Refreshing native plugins compatible for Editor in 0.37 ms, found 4 plugins.
Preloading 0 native plugins for Editor in 0.00 ms.
Unloading 1616 Unused Serialized files (Serialized files now loaded: 0)
System memory in use before: 72.2 MB.
System memory in use after: 72.3 MB.

Unloading 31 unused Assets to reduce memory usage. Loaded Objects now: 2036.
Total: 2.416000 ms (FindLiveObjects: 0.134400 ms CreateObjectMapping: 0.044700 ms MarkObjects: 2.189300 ms  DeleteObjects: 0.046700 ms)

AssetImportParameters requested are different than current active one (requested -> active):
  custom:framework-win-MediaFoundation: 216162199b28c13a410421893ffa2e32 -> 
  custom:video-decoder-ogg-theora: a1e56fd34408186e4bbccfd4996cb3dc -> 
  custom:container-muxer-webm: aa71ff27fc2769a1b78a27578f13a17b -> 
  custom:container-demuxer-webm: 4f35f7cbe854078d1ac9338744f61a02 -> 
  custom:container-demuxer-ogg: 62fdf1f143b41e24485cea50d1cbac27 -> 
  custom:video-encoder-webm-vp8: eb34c28f22e8b96e1ab97ce403110664 -> 
  custom:video-codec-MediaFoundation-h265: 746d11721c4dcdbdad8f713fa42b33f4 -> 
  custom:video-decoder-webm-vp8: 9c59270c3fd7afecdb556c50c9e8de78 -> 
  custom:audio-decoder-ogg-vorbis: bf7c407c2cedff20999df2af8eb42d56 -> 
  custom:audio-encoder-webm-vorbis: bf7c407c2cedff20999df2af8eb42d56 -> 
========================================================================
Received Import Request.
  path: Assets/Scripts
  artifactKey: Guid(34ba0a83c4df6a548abc8fa2ee438ec0) Importer(815301076,1909f56bfc062723c751e8b465ee728b)
Start importing Assets/Scripts using Guid(34ba0a83c4df6a548abc8fa2ee438ec0) Importer(815301076,1909f56bfc062723c751e8b465ee728b)  -> (artifact id: '6dbbef499d66dc66fecf152d23402b9e') in 0.005995 seconds 
  Import took 0.007831 seconds .

========================================================================
Received Import Request.
  Time since last request: 1.358908 seconds.
  path: Assets/Scenes
  artifactKey: Guid(bf6f260c81fbca64fbe620dd784273b8) Importer(815301076,1909f56bfc062723c751e8b465ee728b)
Start importing Assets/Scenes using Guid(bf6f260c81fbca64fbe620dd784273b8) Importer(815301076,1909f56bfc062723c751e8b465ee728b)  -> (artifact id: 'd25b51e459fae95982c7c12a4d4f953b') in 0.006276 seconds 
  Import took 0.008315 seconds .

========================================================================
Received Import Request.
  Time since last request: 0.468688 seconds.
  path: Assets/Scenes/SampleScene.unity
  artifactKey: Guid(9fc0d4010bbf28b4594072e72b8655ab) Importer(815301076,1909f56bfc062723c751e8b465ee728b)
Start importing Assets/Scenes/SampleScene.unity using Guid(9fc0d4010bbf28b4594072e72b8655ab) Importer(815301076,1909f56bfc062723c751e8b465ee728b)  -> (artifact id: '7ed2e421feb959bf09b1af354c564181') in 0.011989 seconds 
  Import took 0.013973 seconds .

========================================================================
Received Import Request.
  Time since last request: 4.837709 seconds.
  path: Assets/Scripts/SteamLobby.cs
  artifactKey: Guid(a0703980c99642249a43be59d58eae06) Importer(815301076,1909f56bfc062723c751e8b465ee728b)
Start importing Assets/Scripts/SteamLobby.cs using Guid(a0703980c99642249a43be59d58eae06) Importer(815301076,1909f56bfc062723c751e8b465ee728b)  -> (artifact id: '87d0191befe08dcbb0415281f5ed6a33') in 0.021438 seconds 
  Import took 0.023439 seconds .

========================================================================
Received Import Request.
  Time since last request: 0.903029 seconds.
  path: Assets/Scripts/PlayerMovement.cs
  artifactKey: Guid(c470a28d5875e3746ae3adc317096c32) Importer(815301076,1909f56bfc062723c751e8b465ee728b)
Start importing Assets/Scripts/PlayerMovement.cs using Guid(c470a28d5875e3746ae3adc317096c32) Importer(815301076,1909f56bfc062723c751e8b465ee728b)  -> (artifact id: 'a368d7aaf71b380ee03db76482dd016d') in 0.004410 seconds 
  Import took 0.006425 seconds .

========================================================================
Received Import Request.
  Time since last request: 10.454384 seconds.
  path: Assets/Prefabs
  artifactKey: Guid(18bc176b158dc204fa395c36426de14f) Importer(815301076,1909f56bfc062723c751e8b465ee728b)
Start importing Assets/Prefabs using Guid(18bc176b158dc204fa395c36426de14f) Importer(815301076,1909f56bfc062723c751e8b465ee728b)  -> (artifact id: 'bdffd1e3e181b83fbd0815fe6e2609f6') in 0.005666 seconds 
  Import took 0.007694 seconds .

========================================================================
Received Import Request.
  Time since last request: 19.444349 seconds.
  path: Packages/com.mlapi.contrib.transport.steamp2p/Runtime/com.mlapi.contrib.transport.steamp2p.asmdef
  artifactKey: Guid(e4ee367787d95d546a38c2d316861fb5) Importer(815301076,1909f56bfc062723c751e8b465ee728b)
Start importing Packages/com.mlapi.contrib.transport.steamp2p/Runtime/com.mlapi.contrib.transport.steamp2p.asmdef using Guid(e4ee367787d95d546a38c2d316861fb5) Importer(815301076,1909f56bfc062723c751e8b465ee728b)  -> (artifact id: 'fe9da9ab6b114aa9e293dc08b3483492') in 0.006815 seconds 
  Import took 0.008843 seconds .

========================================================================
Received Import Request.
  Time since last request: 766.948993 seconds.
  path: Assets/Prefabs/Player
  artifactKey: Guid(1d10609a53d8fd84298393a3eb0058cd) Importer(815301076,1909f56bfc062723c751e8b465ee728b)
Start importing Assets/Prefabs/Player using Guid(1d10609a53d8fd84298393a3eb0058cd) Importer(815301076,1909f56bfc062723c751e8b465ee728b)  -> (artifact id: '5dd93cfea9262d567cd6b5d1e9910873') in 0.004720 seconds 
  Import took 0.007189 seconds .

========================================================================
Received Import Request.
  Time since last request: 0.049892 seconds.
  path: Assets/Prefabs/Player/Player.prefab
  artifactKey: Guid(13ba690f637731749a432c65c4ec83c3) Importer(815301076,1909f56bfc062723c751e8b465ee728b)
Start importing Assets/Prefabs/Player/Player.prefab using Guid(13ba690f637731749a432c65c4ec83c3) Importer(815301076,1909f56bfc062723c751e8b465ee728b)  -> (artifact id: '8a48929aa14169706050b870944c9636') in 0.068379 seconds 
  Import took 0.070567 seconds .

========================================================================
Received Import Request.
  Time since last request: 0.000207 seconds.
  path: Assets/Prefabs/Player/PlayerColor.mat
  artifactKey: Guid(553c6f072731ed2459d85910e1019631) Importer(815301076,1909f56bfc062723c751e8b465ee728b)
Start importing Assets/Prefabs/Player/PlayerColor.mat using Guid(553c6f072731ed2459d85910e1019631) Importer(815301076,1909f56bfc062723c751e8b465ee728b)  -> (artifact id: '48312208c31f00f2ad860d66d946a40b') in 0.025523 seconds 
  Import took 0.027558 seconds .

